
[1mBeginning JFrog Artifactory setup[0m


[DEBUG] Method docker_doValidations Caller:5343 /home/teamf/Artifactory/bin/dockerComposeHelper.sh

Validating System requirements

[38;5;197m[ERROR[0m[38;5;197m] [0mThis script must be run as root or with sudo

[1mBeginning JFrog Artifactory setup[0m


[DEBUG] Method docker_doValidations Caller:5343 /home/teamf/Artifactory/bin/dockerComposeHelper.sh

Validating System requirements
Docker version 23.0.1, build a5ee5b1
/home/teamf/Artifactory/bin/dockerComposeHelper.sh: line 2824: docker-compose: command not found

[38;5;197m[ERROR[0m[38;5;197m] [0mUnable to run docker-compose

[1mBeginning JFrog Artifactory setup[0m


[DEBUG] Method docker_doValidations Caller:5343 /home/teamf/Artifactory/bin/dockerComposeHelper.sh

Validating System requirements
Docker version 23.0.1, build a5ee5b1
docker-compose version 1.29.2, build unknown

[DEBUG] All validations successful

[DEBUG] Method docker_hook_preUserInputs

[DEBUG] Method docker_getUserInputs Caller:5353 /home/teamf/Artifactory/bin/dockerComposeHelper.sh

[DEBUG] Method wrapper_getUserInputs Caller:5247 /home/teamf/Artifactory/bin/dockerComposeHelper.sh

[DEBUG] Method wrapper_createInstallerYaml Caller:3946 /home/teamf/Artifactory/bin/dockerComposeHelper.sh

[DEBUG] Creating file: [/home/teamf/Artifactory/installer.yaml]

[DEBUG] Method wrapper_setSystemValue Caller:2859 /home/teamf/Artifactory/bin/dockerComposeHelper.sh

[DEBUG] Setting installer.ha with n in /home/teamf/Artifactory/installer.yaml

[DEBUG] Method wrapper_hook_setInstallerDefaults Caller:2864 /home/teamf/Artifactory/bin/dockerComposeHelper.sh

[DEBUG] Method wrapper_setSystemValue Caller:5173 /home/teamf/Artifactory/bin/dockerComposeHelper.sh

[DEBUG] Setting installer.data_dir with /root/.jfrog/artifactory in /home/teamf/Artifactory/installer.yaml

[DEBUG] Method docker_hook_setInstallerDefaults

[DEBUG] Method wrapper_setSystemValue Caller:2866 /home/teamf/Artifactory/bin/dockerComposeHelper.sh

[DEBUG] Setting installer.node.ip with 127.0.1.1 in /home/teamf/Artifactory/installer.yaml

[DEBUG] Method wrapper_setSystemValue Caller:2868 /home/teamf/Artifactory/bin/dockerComposeHelper.sh

[DEBUG] Setting installer.install_postgresql with y in /home/teamf/Artifactory/installer.yaml

[DEBUG] Method wrapper_hook_start_getUserInputs Caller:3949 /home/teamf/Artifactory/bin/dockerComposeHelper.sh

Installation Directory found in .env. Skipping prompt

[DEBUG] Method wrapper_setSystemValue Caller:5181 /home/teamf/Artifactory/bin/dockerComposeHelper.sh

[DEBUG] Setting installer.data_dir with /opt/jfrog/artifactory in /home/teamf/Artifactory/installer.yaml

[DEBUG] Method docker_getSystemValue Caller:5185 /home/teamf/Artifactory/bin/dockerComposeHelper.sh

[DEBUG] Method docker_getSystemValue. key:[installer.data_dir]

[DEBUG] Method: wrapper_hook_start_getUserInputs. JF_ROOT_DATA_DIR is now [/opt/jfrog/artifactory]

[DEBUG] Validating system.yaml

[DEBUG] Skipping system.yaml validation since system.yaml file [/opt/jfrog/artifactory/var/etc/system.yaml] was not found

Running system diagnostics checks, logs can be found at [/home/teamf/Artifactory/systemDiagnostics.log]

[DEBUG] Method docker_triggerMigration Caller:5217 /home/teamf/Artifactory/bin/dockerComposeHelper.sh

Triggering migration script. This will migrate if needed and may take some time.

Migration logs will be available at [/home/teamf/Artifactory/bin/migration.log]. The file will be archived at [/opt/jfrog/artifactory/var/log] after installation

[DEBUG] Method docker_postMigration_hook

[DEBUG] Method _askForMandatoryInputs Caller:3951 /home/teamf/Artifactory/bin/dockerComposeHelper.sh

[DEBUG] Method _getHostIpIfAvailable Caller:3955 /home/teamf/Artifactory/bin/dockerComposeHelper.sh

[DEBUG] Method wrapper_askUser Caller:3959 /home/teamf/Artifactory/bin/dockerComposeHelper.sh

For IPv6 address, enclose value within square brackets as follows : [<ipv6_address>]
Please specify the IP address of this machine (Default: 127.0.1.1): 
[DEBUG] Setting installer.node.ip with 127.0.1.1 in /home/teamf/Artifactory/installer.yaml

[DEBUG] Method _updateFromSystemYaml Caller:3966 /home/teamf/Artifactory/bin/dockerComposeHelper.sh

[DEBUG] Method _getHAModeIfAvailable Caller:3968 /home/teamf/Artifactory/bin/dockerComposeHelper.sh

[DEBUG] Method wrapper_askUser Caller:3969 /home/teamf/Artifactory/bin/dockerComposeHelper.sh

Are you adding an additional node to an existing product cluster? [y/N]: 
[DEBUG] Setting installer.ha with n in /home/teamf/Artifactory/installer.yaml

[DEBUG] Method wrapper_standalone_hook_getUserInputs (unimplemented)

[DEBUG] Method _askForDBInputs Caller:3998 /home/teamf/Artifactory/bin/dockerComposeHelper.sh

[DEBUG] Method _getDatabaseType Caller:3864 /home/teamf/Artifactory/bin/dockerComposeHelper.sh

[DEBUG] Method _askPostgresDetails Caller:3867 /home/teamf/Artifactory/bin/dockerComposeHelper.sh

[DEBUG] Method _updateFromSystemYaml Caller:3393 /home/teamf/Artifactory/bin/dockerComposeHelper.sh

[DEBUG] Method wrapper_askUser Caller:3523 /home/teamf/Artifactory/bin/dockerComposeHelper.sh

The installer can install a PostgreSQL database, or you can connect to an existing compatible PostgreSQL database
(https://service.jfrog.org/installer/System+Requirements#SystemRequirements-RequirementsMatrix)
If you are upgrading from an existing installation, select N if you have externalized PostgreSQL, select Y if not.
Do you want to install PostgreSQL? [Y/n]: 
[DEBUG] Setting installer.install_postgresql with n in /home/teamf/Artifactory/installer.yaml

[DEBUG] Method _updateFromSystemYaml Caller:3418 /home/teamf/Artifactory/bin/dockerComposeHelper.sh

[DEBUG] Method _updateFromSystemYaml Caller:3425 /home/teamf/Artifactory/bin/dockerComposeHelper.sh

[DEBUG] Method wrapper_askUser Caller:3427 /home/teamf/Artifactory/bin/dockerComposeHelper.sh

Provide the type of your external database that you want to connect to.
Note : If you choose derby, it will be considered as an internal database and no further details will be asked
Enter database type, supported values [ postgresql mssql mariadb mysql oracle derby ]: 
[DEBUG] Setting shared.database.type with derby in /home/teamf/Artifactory/installer.yaml

Database type set as [derby]. Skipping database related prompts

[DEBUG] Method wrapper_hook_getUserInputs (unimplemented)

[DEBUG] Method wrapper_hook_setRedisPassword (unimplemented)

[DEBUG] Method docker_getSystemValue Caller:5251 /home/teamf/Artifactory/bin/dockerComposeHelper.sh

[DEBUG] Method docker_getSystemValue. key:[installer.data_dir]

[DEBUG] Method: docker_getUserInputs. JF_ROOT_DATA_DIR is now [/opt/jfrog/artifactory]

[DEBUG] Method docker_getSystemValue Caller:5258 /home/teamf/Artifactory/bin/dockerComposeHelper.sh

[DEBUG] Method docker_getSystemValue. key:[installer.ha]

[DEBUG] Method: docker_getUserInputs. JF_NODE_TYPE is now [standalone]

[DEBUG] Method docker_getSystemValue Caller:5268 /home/teamf/Artifactory/bin/dockerComposeHelper.sh

[DEBUG] Method docker_getSystemValue. key:[shared.jfrogUrl]

[DEBUG] Method: docker_getUserInputs. JF_SHARED_JFROGURL is now []

[DEBUG] Method docker_getSystemValue Caller:5272 /home/teamf/Artifactory/bin/dockerComposeHelper.sh

[DEBUG] Method docker_getSystemValue. key:[pdnNode.pdnServerUrl]

[DEBUG] Method: docker_getUserInputs. JF_PDNNODE_PDNSERVERURL is now []

[DEBUG] Method docker_getSystemValue Caller:5276 /home/teamf/Artifactory/bin/dockerComposeHelper.sh

[DEBUG] Method docker_getSystemValue. key:[shared.security.joinKey]

[DEBUG] Method: docker_getUserInputs. JF_SHARED_SECURITY_JOINKEY is now []

[DEBUG] Method docker_getSystemValue Caller:5280 /home/teamf/Artifactory/bin/dockerComposeHelper.sh

[DEBUG] Method docker_getSystemValue. key:[installer.install_postgresql]

[DEBUG] Method: docker_getUserInputs. IS_POSTGRES_REQUIRED is now [n]

[DEBUG] Method docker_getSystemValue Caller:5284 /home/teamf/Artifactory/bin/dockerComposeHelper.sh

[DEBUG] Method docker_getSystemValue. key:[installer.node.ip]

[DEBUG] Method: docker_getUserInputs. JF_SHARED_NODE_IP is now [127.0.1.1]

[DEBUG] Method docker_hook_getUserInputs_post

[DEBUG] No third party integration configured. Skipping invocation of 3rd party hook

[DEBUG] Method docker_updateFromYaml Caller:5358 /home/teamf/Artifactory/bin/dockerComposeHelper.sh

[DEBUG] Method docker_getSystemValue Caller:4346 /home/teamf/Artifactory/bin/dockerComposeHelper.sh

[DEBUG] Method docker_getSystemValue. key:[installer.install_elasticsearch]

[DEBUG] Method docker_setupModeSpecificVar. IS_ELASTICSEARCH_REQUIRED is now []

[DEBUG] PROJECT_ROOT_FOLDER is [artifactory]

[DEBUG] Method docker_setDirInfo Caller:5365 /home/teamf/Artifactory/bin/dockerComposeHelper.sh

[DEBUG] Root Directory being used is: /opt/jfrog/artifactory

[DEBUG] Method docker_hook_setDirInfo

[DEBUG] Method docker_createDirectories Caller:5369 /home/teamf/Artifactory/bin/dockerComposeHelper.sh

[DEBUG] First setup. Setting FIRST_SETUP=true

[DEBUG] Method createDir invoked with [/opt/jfrog/artifactory/var]

[DEBUG] Attempting to create /opt/jfrog/artifactory/var

[DEBUG] Method io_setOwnershipNonRecursive. Executing [chown 1030:1030 /opt/jfrog/artifactory/var]

[DEBUG] Method createDir invoked with [/opt/jfrog/artifactory/var/etc]

[DEBUG] Attempting to create /opt/jfrog/artifactory/var/etc

[DEBUG] Method io_setOwnershipNonRecursive. Executing [chown 1030:1030 /opt/jfrog/artifactory/var/etc]

[DEBUG] Method createDir invoked with [/opt/jfrog/artifactory/var/data]

[DEBUG] Attempting to create /opt/jfrog/artifactory/var/data

[DEBUG] Method io_setOwnershipNonRecursive. Executing [chown 1030:1030 /opt/jfrog/artifactory/var/data]

[DEBUG] Method createDir invoked with [/opt/jfrog/artifactory/var/log]

[DEBUG] Attempting to create /opt/jfrog/artifactory/var/log

[DEBUG] Method io_setOwnershipNonRecursive. Executing [chown 1030:1030 /opt/jfrog/artifactory/var/log]

[DEBUG] Method createDir invoked with [/opt/jfrog/artifactory/var/etc/security]

[DEBUG] Attempting to create /opt/jfrog/artifactory/var/etc/security

[DEBUG] Method io_setOwnershipNonRecursive. Executing [chown 1030:1030 /opt/jfrog/artifactory/var/etc/security]

[DEBUG] Method docker_hook_createDirectories

[DEBUG] Method createDir invoked with [/opt/jfrog/artifactory/var]

[DEBUG] Attempting to create /opt/jfrog/artifactory/var

[DEBUG] Method io_setOwnershipNonRecursive. Executing [chown 1030:1030 /opt/jfrog/artifactory/var]

[DEBUG] Method createDir invoked with [/opt/jfrog/artifactory/var/bootstrap]

[DEBUG] Attempting to create /opt/jfrog/artifactory/var/bootstrap

[DEBUG] Method io_setOwnershipNonRecursive. Executing [chown 1030:1030 /opt/jfrog/artifactory/var/bootstrap]

[DEBUG] Method createDir invoked with [/opt/jfrog/artifactory/var/bootstrap/artifactory]

[DEBUG] Attempting to create /opt/jfrog/artifactory/var/bootstrap/artifactory

[DEBUG] Method io_setOwnershipNonRecursive. Executing [chown 1030:1030 /opt/jfrog/artifactory/var/bootstrap/artifactory]

[DEBUG] Method createDir invoked with [/opt/jfrog/artifactory/var/bootstrap/artifactory/tomcat]

[DEBUG] Attempting to create /opt/jfrog/artifactory/var/bootstrap/artifactory/tomcat

[DEBUG] Method io_setOwnershipNonRecursive. Executing [chown 1030:1030 /opt/jfrog/artifactory/var/bootstrap/artifactory/tomcat]

[DEBUG] Method createDir invoked with [/opt/jfrog/artifactory/var/bootstrap/artifactory/tomcat/lib]

[DEBUG] Attempting to create /opt/jfrog/artifactory/var/bootstrap/artifactory/tomcat/lib

[DEBUG] Method io_setOwnershipNonRecursive. Executing [chown 1030:1030 /opt/jfrog/artifactory/var/bootstrap/artifactory/tomcat/lib]

[DEBUG] Method createDir invoked with [/opt/jfrog/artifactory/var]

[DEBUG] Attempting to create /opt/jfrog/artifactory/var

[DEBUG] Method io_setOwnershipNonRecursive. Executing [chown 1030:1030 /opt/jfrog/artifactory/var]

[DEBUG] Method createDir invoked with [/opt/jfrog/artifactory/var/bootstrap]

[DEBUG] Attempting to create /opt/jfrog/artifactory/var/bootstrap

[DEBUG] Method io_setOwnershipNonRecursive. Executing [chown 1030:1030 /opt/jfrog/artifactory/var/bootstrap]

[DEBUG] Method createDir invoked with [/opt/jfrog/artifactory/var/bootstrap/access]

[DEBUG] Attempting to create /opt/jfrog/artifactory/var/bootstrap/access

[DEBUG] Method io_setOwnershipNonRecursive. Executing [chown 1030:1030 /opt/jfrog/artifactory/var/bootstrap/access]

[DEBUG] Method createDir invoked with [/opt/jfrog/artifactory/var/bootstrap/access/etc]

[DEBUG] Attempting to create /opt/jfrog/artifactory/var/bootstrap/access/etc

[DEBUG] Method io_setOwnershipNonRecursive. Executing [chown 1030:1030 /opt/jfrog/artifactory/var/bootstrap/access/etc]

[DEBUG] Method createDir invoked with [/opt/jfrog/artifactory/var/bootstrap/access/etc/security]

[DEBUG] Attempting to create /opt/jfrog/artifactory/var/bootstrap/access/etc/security

[DEBUG] Method io_setOwnershipNonRecursive. Executing [chown 1030:1030 /opt/jfrog/artifactory/var/bootstrap/access/etc/security]

[DEBUG] Value of [FIRST_SETUP] is [true]

[DEBUG] Method io_setOwnership. Executing [chown -R 1030:1030 /opt/jfrog/artifactory]

[DEBUG] Method docker_setRootDirPermissions Caller:5373 /home/teamf/Artifactory/bin/dockerComposeHelper.sh

[DEBUG] Method io_setOwnershipNonRecursive. Executing [chown 1030:1030 /opt/jfrog/artifactory]

[DEBUG] Method docker_createThirdPartyDir Caller:5377 /home/teamf/Artifactory/bin/dockerComposeHelper.sh

Creating third party directories (if necessary)

[DEBUG] Method io_createPostgresDir Caller:4627 /home/teamf/Artifactory/bin/dockerComposeHelper.sh

[DEBUG] Property [/opt/jfrog/artifactory/var/data/postgres] exists. Proceeding

[DEBUG] Method createDir invoked with [/opt/jfrog/artifactory/var/data/postgres/data]

[DEBUG] Attempting to create /opt/jfrog/artifactory/var/data/postgres/data

[DEBUG] Method io_setOwnership. Executing [chown -R 999:999 /opt/jfrog/artifactory/var/data/postgres]

[DEBUG] Method io_createNginxDir Caller:4628 /home/teamf/Artifactory/bin/dockerComposeHelper.sh

[DEBUG] Property [/opt/jfrog/artifactory/var/data/nginx] exists. Proceeding

[DEBUG] Method createDir invoked with [/opt/jfrog/artifactory/var/data/nginx]

[DEBUG] Attempting to create /opt/jfrog/artifactory/var/data/nginx

[DEBUG] Method io_setOwnership. Executing [chown -R 104:107 /opt/jfrog/artifactory/var/data/nginx]

[DEBUG] Method io_createElasticSearchDir Caller:4629 /home/teamf/Artifactory/bin/dockerComposeHelper.sh

[DEBUG] Method io_createRedisDir Caller:4630 /home/teamf/Artifactory/bin/dockerComposeHelper.sh

[DEBUG] Method io_createMongoDir Caller:4631 /home/teamf/Artifactory/bin/dockerComposeHelper.sh

[DEBUG] Method io_createRabbitMQDir Caller:4632 /home/teamf/Artifactory/bin/dockerComposeHelper.sh

[DEBUG] Method _updateFromSystemYaml Caller:3557 /home/teamf/Artifactory/bin/dockerComposeHelper.sh

[DEBUG] Method _getDatabaseType Caller:3562 /home/teamf/Artifactory/bin/dockerComposeHelper.sh

[DEBUG] Method docker_createSystemYaml Caller:5383 /home/teamf/Artifactory/bin/dockerComposeHelper.sh

[DEBUG] Method docker_setSystemValue. Setting [shared.node.ip] to [/opt/jfrog/artifactory/var/etc/system.yaml]

[DEBUG] Setting shared.node.ip with 127.0.1.1 in /opt/jfrog/artifactory/var/etc/system.yaml

[DEBUG] Method docker_setSystemValue. Setting [shared.node.id] to [/opt/jfrog/artifactory/var/etc/system.yaml]

[DEBUG] Setting shared.node.id with vmpx06 in /opt/jfrog/artifactory/var/etc/system.yaml

[DEBUG] Method docker_setSystemValue. Setting [shared.node.name] to [/opt/jfrog/artifactory/var/etc/system.yaml]

[DEBUG] Setting shared.node.name with vmpx06 in /opt/jfrog/artifactory/var/etc/system.yaml

[DEBUG] Method docker_setSystemValue. Setting [router.entrypoints.externalPort] to [/opt/jfrog/artifactory/var/etc/system.yaml]

[DEBUG] Setting router.entrypoints.externalPort with 8002 in /opt/jfrog/artifactory/var/etc/system.yaml

[DEBUG] Method docker_installToSystemYaml Caller:4824 /home/teamf/Artifactory/bin/dockerComposeHelper.sh

[DEBUG] Method docker_getSystemValue Caller:4767 /home/teamf/Artifactory/bin/dockerComposeHelper.sh

[DEBUG] Method docker_getSystemValue. key:[shared.database.type]

[DEBUG] Method docker_setSystemValue. Setting [shared.database.type] to [/opt/jfrog/artifactory/var/etc/system.yaml]

[DEBUG] Setting shared.database.type with derby in /opt/jfrog/artifactory/var/etc/system.yaml

[DEBUG] Method docker_installToSystemYaml Caller:4825 /home/teamf/Artifactory/bin/dockerComposeHelper.sh

[DEBUG] Method docker_getSystemValue Caller:4767 /home/teamf/Artifactory/bin/dockerComposeHelper.sh

[DEBUG] Method docker_getSystemValue. key:[shared.database.driver]

[DEBUG] Key: KEY_DATABASE_DRIVER not applicable

[DEBUG] Method docker_installToSystemYaml Caller:4826 /home/teamf/Artifactory/bin/dockerComposeHelper.sh

[DEBUG] Method docker_getSystemValue Caller:4767 /home/teamf/Artifactory/bin/dockerComposeHelper.sh

[DEBUG] Method docker_getSystemValue. key:[shared.database.url]

[DEBUG] Key: KEY_DATABASE_URL not applicable

[DEBUG] Method docker_installToSystemYaml Caller:4827 /home/teamf/Artifactory/bin/dockerComposeHelper.sh

[DEBUG] Method docker_getSystemValue Caller:4767 /home/teamf/Artifactory/bin/dockerComposeHelper.sh

[DEBUG] Method docker_getSystemValue. key:[shared.database.username]

[DEBUG] Key: KEY_DATABASE_USERNAME not applicable

[DEBUG] Method docker_installToSystemYaml Caller:4828 /home/teamf/Artifactory/bin/dockerComposeHelper.sh

[DEBUG] Method docker_getSystemValue Caller:4767 /home/teamf/Artifactory/bin/dockerComposeHelper.sh

[DEBUG] Method docker_getSystemValue. key:[shared.database.password]

[DEBUG] Key: KEY_DATABASE_PASSWORD not applicable

[DEBUG] Method docker_installToSystemYaml Caller:4829 /home/teamf/Artifactory/bin/dockerComposeHelper.sh

[DEBUG] Method docker_getSystemValue Caller:4767 /home/teamf/Artifactory/bin/dockerComposeHelper.sh

[DEBUG] Method docker_getSystemValue. key:[shared.elasticsearch.username]

[DEBUG] Key: KEY_ELASTICSEARCH_PASSWORD not applicable

[DEBUG] Method docker_installToSystemYaml Caller:4830 /home/teamf/Artifactory/bin/dockerComposeHelper.sh

[DEBUG] Method docker_getSystemValue Caller:4767 /home/teamf/Artifactory/bin/dockerComposeHelper.sh

[DEBUG] Method docker_getSystemValue. key:[shared.elasticsearch.password]

[DEBUG] Key: KEY_ELASTICSEARCH_PASSWORD not applicable

[DEBUG] Method docker_installToSystemYaml Caller:4831 /home/teamf/Artifactory/bin/dockerComposeHelper.sh

[DEBUG] Method docker_getSystemValue Caller:4767 /home/teamf/Artifactory/bin/dockerComposeHelper.sh

[DEBUG] Method docker_getSystemValue. key:[shared.rabbitMq.active.node.name]

[DEBUG] Key: KEY_RABBITMQ_ACTIVE_NODE_NAME not applicable

[DEBUG] Method docker_installToSystemYaml Caller:4832 /home/teamf/Artifactory/bin/dockerComposeHelper.sh

[DEBUG] Method docker_getSystemValue Caller:4767 /home/teamf/Artifactory/bin/dockerComposeHelper.sh

[DEBUG] Method docker_getSystemValue. key:[shared.rabbitMq.active.node.ip]

[DEBUG] Key: KEY_RABBITMQ_ACTIVE_NODE_IP not applicable

[DEBUG] Method docker_installToSystemYaml Caller:4833 /home/teamf/Artifactory/bin/dockerComposeHelper.sh

[DEBUG] Method docker_getSystemValue Caller:4767 /home/teamf/Artifactory/bin/dockerComposeHelper.sh

[DEBUG] Method docker_getSystemValue. key:[shared.redis.password]

[DEBUG] Key: KEY_REDIS_PASSWORD not applicable

[DEBUG] Method docker_installToSystemYaml Caller:4834 /home/teamf/Artifactory/bin/dockerComposeHelper.sh

[DEBUG] Method docker_getSystemValue Caller:4767 /home/teamf/Artifactory/bin/dockerComposeHelper.sh

[DEBUG] Method docker_getSystemValue. key:[shared.rabbitMq.password]

[DEBUG] Key: KEY_RABBITMQ_PASSWORD not applicable

[DEBUG] Method docker_installToSystemYaml Caller:4835 /home/teamf/Artifactory/bin/dockerComposeHelper.sh

[DEBUG] Method docker_getSystemValue Caller:4767 /home/teamf/Artifactory/bin/dockerComposeHelper.sh

[DEBUG] Method docker_getSystemValue. key:[pdnNode.pdnServerUrl]

[DEBUG] Key: KEY_PDNNODE_PDNSERVERURL not applicable

[DEBUG] Method docker_installToSystemYaml Caller:4836 /home/teamf/Artifactory/bin/dockerComposeHelper.sh

[DEBUG] Method docker_getSystemValue Caller:4767 /home/teamf/Artifactory/bin/dockerComposeHelper.sh

[DEBUG] Method docker_getSystemValue. key:[pdnNode.joinKey]

[DEBUG] Key: KEY_PDNNODE_JOINKEY not applicable

[DEBUG] Method docker_installToSystemYaml Caller:4837 /home/teamf/Artifactory/bin/dockerComposeHelper.sh

[DEBUG] Method docker_getSystemValue Caller:4767 /home/teamf/Artifactory/bin/dockerComposeHelper.sh

[DEBUG] Method docker_getSystemValue. key:[pdnNode.selfGrpcAddress]

[DEBUG] Key: KEY_PDNNODE_SELFGRPCADDRESS not applicable

[DEBUG] Method docker_installToSystemYaml Caller:4838 /home/teamf/Artifactory/bin/dockerComposeHelper.sh

[DEBUG] Method docker_getSystemValue Caller:4767 /home/teamf/Artifactory/bin/dockerComposeHelper.sh

[DEBUG] Method docker_getSystemValue. key:[pdnNode.selfHttpAddress]

[DEBUG] Key: KEY_PDNNODE_SELFHTTPADDRESS not applicable

[DEBUG] Method docker_installToSystemYaml Caller:4839 /home/teamf/Artifactory/bin/dockerComposeHelper.sh

[DEBUG] Method docker_getSystemValue Caller:4767 /home/teamf/Artifactory/bin/dockerComposeHelper.sh

[DEBUG] Method docker_getSystemValue. key:[pdnNode.port]

[DEBUG] Key: KEY_PDNNODE_PORT not applicable

[DEBUG] Method docker_installToSystemYaml Caller:4840 /home/teamf/Artifactory/bin/dockerComposeHelper.sh

[DEBUG] Method docker_getSystemValue Caller:4767 /home/teamf/Artifactory/bin/dockerComposeHelper.sh

[DEBUG] Method docker_getSystemValue. key:[pdnNode.httpPort]

[DEBUG] Key: KEY_PDNNODE_HTTPPORT not applicable

[DEBUG] Method docker_installToSystemYaml Caller:4841 /home/teamf/Artifactory/bin/dockerComposeHelper.sh

[DEBUG] Method docker_getSystemValue Caller:4767 /home/teamf/Artifactory/bin/dockerComposeHelper.sh

[DEBUG] Method docker_getSystemValue. key:[pdnNode.httpBouncerPort]

[DEBUG] Key: KEY_PDNNODE_HTTPBOUNCERPORT not applicable

[DEBUG] Method docker_installToSystemYaml Caller:4842 /home/teamf/Artifactory/bin/dockerComposeHelper.sh

[DEBUG] Method docker_getSystemValue Caller:4767 /home/teamf/Artifactory/bin/dockerComposeHelper.sh

[DEBUG] Method docker_getSystemValue. key:[pdnServer.selfAddress]

[DEBUG] Key: KEY_PDNSERVER_SELFADDRESS not applicable

[DEBUG] Method docker_installToSystemYaml Caller:4843 /home/teamf/Artifactory/bin/dockerComposeHelper.sh

[DEBUG] Method docker_getSystemValue Caller:4767 /home/teamf/Artifactory/bin/dockerComposeHelper.sh

[DEBUG] Method docker_getSystemValue. key:[router.entrypoints.externalPort]

[DEBUG] Key: KEY_ROUTER_ENTRYPOINTS_EXTERNALPORT not applicable

[DEBUG] Method docker_getSystemValue Caller:4845 /home/teamf/Artifactory/bin/dockerComposeHelper.sh

[DEBUG] Method docker_getSystemValue. key:[shared.security.masterKey]

[DEBUG] Method docker_addToEnvFile Caller:4853 /home/teamf/Artifactory/bin/dockerComposeHelper.sh

[DEBUG] Replacing [ROOT_DATA_DIR] in /home/teamf/Artifactory/.env

[DEBUG] Replaced [ROOT_DATA_DIR=.*] with [ROOT_DATA_DIR=/opt/jfrog/artifactory] in [/home/teamf/Artifactory/.env]

[DEBUG] Method docker_hook_postSystemYamlCreation

[DEBUG] Method _getDatabaseType Caller:37 ./config.sh

[DEBUG] Method io_setOwnership. Executing [chown -R 1030:1030 /opt/jfrog/artifactory/var/etc/system.yaml]

[DEBUG] Method docker_installToSystemYaml Caller:4866 /home/teamf/Artifactory/bin/dockerComposeHelper.sh

[DEBUG] Method docker_getSystemValue Caller:4767 /home/teamf/Artifactory/bin/dockerComposeHelper.sh

[DEBUG] Method docker_getSystemValue. key:[installer.ha]

[DEBUG] Method docker_setSystemValue. Setting [installer.ha] to [/opt/jfrog/artifactory/var/etc/installerState.yaml]

[DEBUG] Setting installer.ha with n in /opt/jfrog/artifactory/var/etc/installerState.yaml

[DEBUG] Method docker_installToSystemYaml Caller:4866 /home/teamf/Artifactory/bin/dockerComposeHelper.sh

[DEBUG] Method docker_getSystemValue Caller:4767 /home/teamf/Artifactory/bin/dockerComposeHelper.sh

[DEBUG] Method docker_getSystemValue. key:[installer.install_postgresql]

[DEBUG] Method docker_setSystemValue. Setting [installer.install_postgresql] to [/opt/jfrog/artifactory/var/etc/installerState.yaml]

[DEBUG] Setting installer.install_postgresql with n in /opt/jfrog/artifactory/var/etc/installerState.yaml

[DEBUG] Method docker_installToSystemYaml Caller:4866 /home/teamf/Artifactory/bin/dockerComposeHelper.sh

[DEBUG] Method docker_getSystemValue Caller:4767 /home/teamf/Artifactory/bin/dockerComposeHelper.sh

[DEBUG] Method docker_getSystemValue. key:[installer.postgresql_version]

[DEBUG] Method docker_setSystemValue. Setting [installer.postgresql_version] to [/opt/jfrog/artifactory/var/etc/installerState.yaml]

[DEBUG] Setting installer.postgresql_version with NOT_SET in /opt/jfrog/artifactory/var/etc/installerState.yaml

[DEBUG] Method io_setOwnership. Executing [chown -R 1030:1030 /opt/jfrog/artifactory/var/etc/installerState.yaml]

[DEBUG] Method docker_hook_copyComposeFile

[DEBUG] Method docker_getSystemValue Caller:4879 /home/teamf/Artifactory/bin/dockerComposeHelper.sh

[DEBUG] Method docker_getSystemValue. key:[installer.postgresql_version]

[DEBUG] Method _getDatabaseType Caller:4926 /home/teamf/Artifactory/bin/dockerComposeHelper.sh

[DEBUG] Copying [/home/teamf/Artifactory/templates/docker-compose.yaml] as [/home/teamf/Artifactory/docker-compose.yaml]

[DEBUG] Method docker_hook_setupThirdParty

[DEBUG] No third party integration configured. Skipping invocation of 3rd party hook

[DEBUG] Method docker_configureLogRotation Caller:5398 /home/teamf/Artifactory/bin/dockerComposeHelper.sh

[DEBUG] Method _addLogRotateBinary Caller:5160 /home/teamf/Artifactory/bin/dockerComposeHelper.sh

[DEBUG] Method configureLogRotation Caller:5161 /home/teamf/Artifactory/bin/dockerComposeHelper.sh

[DEBUG] Configuring log rotation as user [1030], group [1030], effective cron User [root]

[DEBUG] Method createDir invoked with [/opt/jfrog/artifactory]

[DEBUG] Attempting to create /opt/jfrog/artifactory

[DEBUG] Method io_setOwnershipNonRecursive. Executing [chown 1030:1030 /opt/jfrog/artifactory]

[DEBUG] Method createDir invoked with [/opt/jfrog/artifactory/var]

[DEBUG] Attempting to create /opt/jfrog/artifactory/var

[DEBUG] Method io_setOwnershipNonRecursive. Executing [chown 1030:1030 /opt/jfrog/artifactory/var]

[DEBUG] Method createDir invoked with [/opt/jfrog/artifactory/var/log]

[DEBUG] Attempting to create /opt/jfrog/artifactory/var/log

[DEBUG] Method io_setOwnershipNonRecursive. Executing [chown 1030:1030 /opt/jfrog/artifactory/var/log]

[DEBUG] Method createDir invoked with [/opt/jfrog/artifactory/var/log/archived]

[DEBUG] Attempting to create /opt/jfrog/artifactory/var/log/archived

[DEBUG] Method io_setOwnershipNonRecursive. Executing [chown 1030:1030 /opt/jfrog/artifactory/var/log/archived]

[DEBUG] Method createDir invoked with [/opt/jfrog/artifactory/var/etc]

[DEBUG] Attempting to create /opt/jfrog/artifactory/var/etc

[DEBUG] Method io_setOwnershipNonRecursive. Executing [chown 1030:1030 /opt/jfrog/artifactory/var/etc]

[DEBUG] Method createDir invoked with [/opt/jfrog/artifactory/var/etc/logrotate]

[DEBUG] Attempting to create /opt/jfrog/artifactory/var/etc/logrotate

[DEBUG] Method io_setOwnershipNonRecursive. Executing [chown 1030:1030 /opt/jfrog/artifactory/var/etc/logrotate]

[DEBUG] Method createFile [/opt/jfrog/artifactory/var/etc/logrotate/logrotate.conf]

[DEBUG] Method io_setOwnership. Executing [chown -R 1030:1030 /opt/jfrog/artifactory/var/etc/logrotate/logrotate.conf]

[DEBUG] Method _addLogRotateConfiguration Caller:1234 /home/teamf/Artifactory/bin/dockerComposeHelper.sh

[DEBUG] Adding logrotate configuration for [/opt/jfrog/artifactory/var/log/console.log] to [/opt/jfrog/artifactory/var/etc/logrotate/logrotate.conf]

[DEBUG] Method _addCronJobForLogrotate Caller:1235 /home/teamf/Artifactory/bin/dockerComposeHelper.sh

[DEBUG] Method removeLogRotation Caller:1157 /home/teamf/Artifactory/bin/dockerComposeHelper.sh

[DEBUG] No third party integration configured. Skipping invocation of 3rd party hook

[DEBUG] Method docker_showSuccessMessage Caller:5404 /home/teamf/Artifactory/bin/dockerComposeHelper.sh

[DEBUG] Method docker_hook_productSpecificComposeHelp

[1mDocker setup complete[0m

Installation directory: [/opt/jfrog/artifactory] contains data and configurations.

Use docker-compose commands to start the application. Once the application has started, it can be accessed at [http://127.0.1.1:8002]

[1mExamples:[0m
cd /home/teamf/Artifactory



start:               docker-compose -p rt up -d
stop:                docker-compose -p rt down

[1mNOTE:[0m The compose file uses several environment variables from the .env file. Remember to run from within the [/home/teamf/Artifactory] folder

[DEBUG] Method docker_cleanup Caller:5408 /home/teamf/Artifactory/bin/dockerComposeHelper.sh

[DEBUG] Method wrapper_removeInstallerYaml Caller:4983 /home/teamf/Artifactory/bin/dockerComposeHelper.sh

[DEBUG] Removing file: [/home/teamf/Artifactory/installer.yaml]

[DEBUG] Method io_setOwnership. Executing [chown -R 1030:1030 /opt/jfrog/artifactory/var/log/config.log]

[DEBUG] Method io_setOwnership. Executing [chown -R 1030:1030 /opt/jfrog/artifactory/var/log/migration.log]

[DEBUG] Method io_setOwnership. Executing [chown -R 1030:1030 /opt/jfrog/artifactory/var/etc/system.basic-template.yaml]

[DEBUG] Method io_setOwnership. Executing [chown -R 1030:1030 /opt/jfrog/artifactory/var/etc/system.full-template.yaml]

[DEBUG] Method io_setOwnership. Executing [chown -R 1030:1030 /opt/jfrog/artifactory/var/log/systemDiagnostics.log]

[1mDone[0m

